<?xml version="1.0" encoding="UTF-8"?>
<!-- Generated by org.testng.reporters.JUnitReportReporter -->
<testsuite hostname="INLT2860" failures="0" tests="1" name="pages.myTest" time="0.002" errors="0" timestamp="2020-12-21T21:12:36 IST" skipped="0">
  <testcase classname="pages.myTest" name="myFirstMethod" time="0.002"/>
  <system-out/>
</testsuite> <!-- pages.myTest -->
