<?xml version="1.0" encoding="UTF-8"?>
<!-- Generated by org.testng.reporters.JUnitReportReporter -->
<testsuite hostname="INLT2860" failures="0" tests="1" name="pages.loginPage" time="9.680" errors="0" timestamp="2020-12-24T13:32:39 IST" skipped="0">
  <testcase classname="pages.loginPage" name="basePageNavigator" time="9.680"/>
  <system-out/>
</testsuite> <!-- pages.loginPage -->
