<?xml version="1.0" encoding="UTF-8"?>
<!-- Generated by org.testng.reporters.JUnitReportReporter -->
<testsuite hostname="INLT2860" failures="0" tests="1" name="kratikaMaven.automationPrac1.myTest" time="0.014" errors="0" timestamp="2020-12-21T12:49:31 IST" skipped="0">
  <testcase classname="kratikaMaven.automationPrac1.myTest" name="myFirstMethod" time="0.014"/>
  <system-out/>
</testsuite> <!-- kratikaMaven.automationPrac1.myTest -->
